<?xml version="1.0" encoding="UTF-8"?>
<testsuite name="FibonacciTest" tests="1" skipped="0" failures="0" errors="0" timestamp="2022-08-01T18:06:41" hostname="DESKTOP-575UFOQ" time="0.07">
  <properties/>
  <testcase name="testFibonacci()" classname="FibonacciTest" time="0.07"/>
  <system-out><![CDATA[]]></system-out>
  <system-err><![CDATA[]]></system-err>
</testsuite>
